生成启动时间为 2019/4/27 11:10:39。
     1>项目“D:\dpfnmt\dpfnmt\4-27(考试)\4-27(考试)\4-27(考试).vcxproj”在节点 2 上(Build 个目标)。
     1>ClCompile:
         C:\Program Files (x86)\Microsoft Visual Studio 12.0\VC\bin\CL.exe /c /ZI /nologo /W3 /WX- /Od /Oy- /D WIN32 /D _DEBUG /D _CONSOLE /D _LIB /D _UNICODE /D UNICODE /Gm /EHsc /RTC1 /MDd /GS /fp:precise /Zc:wchar_t /Zc:forScope /Fo"Debug\\" /Fd"Debug\vc120.pdb" /Gd /TP /analyze- /errorReport:prompt test.cpp
         test.cpp
     1>d:\dpfnmt\dpfnmt\4-27(考试)\4-27(考试)\test.cpp(33): error C2143: 语法错误 : 缺少“]”(在“常量”的前面)
     1>d:\dpfnmt\dpfnmt\4-27(考试)\4-27(考试)\test.cpp(33): error C2059: 语法错误:“]”
     1>d:\dpfnmt\dpfnmt\4-27(考试)\4-27(考试)\test.cpp(33): error C2059: 语法错误:“)”
     1>d:\dpfnmt\dpfnmt\4-27(考试)\4-27(考试)\test.cpp(33): error C2059: 语法错误:“常量”
     1>已完成生成项目“D:\dpfnmt\dpfnmt\4-27(考试)\4-27(考试)\4-27(考试).vcxproj”(Build 个目标)的操作 - 失败。

生成失败。

已用时间 00:00:00.30
